IQ-TREE multicore version 1.6.10 for Windows 64-bit built Feb 19 2019
Developed by Bui Quang Minh, Nguyen Lam Tung, Olga Chernomor,
Heiko Schmidt, Dominik Schrempf, Michael Woodhams.

Host:    yongxin (AVX2, FMA3, 7 GB RAM)
Command: D:\BaiduNetdiskWorkspace\github\EasyMicrobiome\win\iqtree.exe -s otus_aligned.fas -bb 1000 -redo -alrt 1000 -nt AUTO -pre iqtree/otus
Seed:    176068 (Using SPRNG - Scalable Parallel Random Number Generator)
Time:    Wed Oct 06 22:40:13 2021
Kernel:  AVX+FMA - auto-detect threads (12 CPU cores detected)

Reading alignment file otus_aligned.fas ... Fasta format detected
Alignment most likely contains DNA/RNA sequences
Alignment has 86 sequences with 408 columns, 210 distinct patterns
185 parsimony-informative, 11 singleton sites, 212 constant sites
          Gap/Ambiguity  Composition  p-value
   1  ASV_49      9.31%    passed     14.70%
   2  ASV_7       9.31%    passed     28.18%
   3  ASV_13      9.31%    passed     24.64%
   4  ASV_43      9.80%    passed     72.55%
   5  ASV_80      9.80%    passed     62.81%
   6  ASV_84      7.11%    passed     96.35%
   7  ASV_66      6.86%    passed     98.88%
   8  ASV_55      6.86%    passed     98.10%
   9  ASV_92      6.86%    passed     98.23%
  10  ASV_83      6.86%    passed     98.88%
  11  ASV_88      6.86%    passed     97.91%
  12  ASV_8       5.64%    passed     58.27%
  13  ASV_16      5.64%    passed     52.40%
  14  ASV_50      7.11%    passed     94.83%
  15  ASV_62      8.09%    passed     89.96%
  16  ASV_75      8.09%    passed     81.90%
  17  ASV_44      7.60%    passed     66.27%
  18  ASV_51      7.60%    passed     54.55%
  19  ASV_18      7.60%    passed     66.27%
  20  ASV_39      7.60%    passed     47.61%
  21  ASV_23      7.60%    passed     41.75%
  22  ASV_26      7.60%    passed     46.09%
  23  ASV_20      7.60%    passed     49.50%
  24  ASV_24      7.60%    passed     45.87%
  25  ASV_113     7.35%    passed     33.55%
  26  ASV_52      7.84%    passed     30.50%
  27  ASV_855     7.60%    passed     30.65%
  28  ASV_86      7.60%    passed     34.17%
  29  ASV_9       7.60%    passed     34.17%
  30  ASV_29      7.60%    passed     23.58%
  31  ASV_28      7.84%    passed     34.89%
  32  ASV_35      7.60%    passed     51.35%
  33  ASV_21      7.60%    passed     72.44%
  34  ASV_456     7.60%    passed     55.38%
  35  ASV_14      7.84%    passed     44.86%
  36  ASV_73      7.84%    passed     56.64%
  37  ASV_78      7.84%    passed     57.50%
  38  ASV_47      7.84%    passed     51.30%
  39  ASV_38      8.82%    passed     51.94%
  40  ASV_72      8.82%    passed     41.83%
  41  ASV_54      8.82%    passed     53.36%
  42  ASV_36      8.82%    passed     43.89%
  43  ASV_79      8.82%    passed     43.89%
  44  ASV_42      8.82%    passed     41.54%
  45  ASV_60      8.82%    passed     61.85%
  46  ASV_11      8.82%    passed     66.47%
  47  ASV_53      8.82%    passed     66.47%
  48  ASV_56      8.82%    passed     91.89%
  49  ASV_4       8.82%    passed     59.38%
  50  ASV_3       8.82%    passed     70.15%
  51  ASV_173     8.82%    passed     88.71%
  52  ASV_12      8.82%    passed     88.71%
  53  ASV_17      8.82%    passed     91.71%
  54  ASV_6       8.82%    passed     92.74%
  55  ASV_59      8.82%    passed     87.61%
  56  ASV_41      8.82%    passed     88.71%
  57  ASV_82      8.82%    passed     88.71%
  58  ASV_2       8.82%    passed     72.14%
  59  ASV_33      8.82%    passed     76.07%
  60  ASV_34      8.82%    passed     73.81%
  61  ASV_45      8.82%    passed     85.37%
  62  ASV_30      7.84%    passed     98.41%
  63  ASV_37      7.84%    passed     94.52%
  64  ASV_89      7.84%    passed     96.51%
  65  ASV_76      7.84%    passed     93.08%
  66  ASV_48      7.84%    passed     93.71%
  67  ASV_77      7.11%    passed     99.93%
  68  ASV_71      7.11%    passed     99.96%
  69  ASV_81      7.11%    passed     99.90%
  70  ASV_63      7.35%    passed     92.29%
  71  ASV_93      7.35%    passed     96.47%
  72  ASV_40      7.11%    passed     90.81%
  73  ASV_22      7.35%    passed     67.79%
  74  ASV_61      7.11%    passed     99.56%
  75  ASV_58      7.60%    passed     90.82%
  76  ASV_1276    6.86%    passed     95.73%
  77  ASV_74      7.60%    passed     84.45%
  78  ASV_70      6.86%    passed     64.86%
  79  ASV_68      8.09%    passed     92.79%
  80  ASV_27      6.86%    passed     87.77%
  81  ASV_69      6.86%    passed     82.36%
  82  ASV_15      6.86%    passed     85.63%
  83  ASV_31      6.86%    passed     98.00%
  84  ASV_10      6.86%    passed     97.87%
  85  ASV_46      6.86%    passed     93.76%
  86  ASV_67      6.86%    passed     98.50%
****  TOTAL       7.87%  0 sequences failed composition chi2 test (p-value<5%; df=3)

NOTE: Restoring information from model checkpoint file iqtree/otus.model.gz

CHECKPOINT: Initial tree restored
NOTE: ModelFinder requires 6 MB RAM!
ModelFinder will test 286 DNA models (sample size: 408) ...
 No. Model         -LnL         df  AIC          AICc         BIC
  1  JC            7269.488     159 14856.975    15062.137    15494.767
  2  JC+I          6611.310     160 13542.620    13751.203    14184.423
  3  JC+G4         6301.909     160 12923.818    13132.401    13565.621
  4  JC+I+G4       6260.697     161 12843.394    13055.443    13489.208
  5  JC+R2         6400.901     161 13123.802    13335.851    13769.616
  6  JC+R3         6297.213     163 12920.426    13139.541    13574.263
  7  JC+R4         6285.092     165 12900.185    13126.548    13562.044
  8  JC+R5         6274.780     167 12883.561    13117.361    13553.442
  9  JC+R6         6265.444     169 12868.889    13110.317    13546.793
 10  JC+R7         6260.841     171 12863.682    13112.936    13549.609
 14  F81+F         7279.866     162 14883.733    15099.292    15533.558
 15  F81+F+I       6622.882     163 13571.764    13790.878    14225.600
 16  F81+F+G4      6314.732     163 12955.463    13174.578    13609.300
 17  F81+F+I+G4    6272.153     164 12872.306    13095.022    13530.154
 18  F81+F+R2      6402.367     164 13132.734    13355.450    13790.582
 19  F81+F+R3      6300.580     166 12933.161    13163.219    13599.031
 20  F81+F+R4      6298.021     168 12932.041    13169.631    13605.934
 27  K2P           7165.704     160 14651.409    14859.992    15293.211
 28  K2P+I         6502.558     161 13327.116    13539.165    13972.930
 29  K2P+G4        6182.980     161 12687.959    12900.008    13333.773
 30  K2P+I+G4      6137.486     162 12598.973    12814.532    13248.798
 31  K2P+R2        6262.727     162 12849.455    13065.014    13499.280
 32  K2P+R3        6169.863     164 12667.727    12890.443    13325.574
 33  K2P+R4        6167.041     166 12666.081    12896.139    13331.951
 40  HKY+F         7177.523     163 14681.046    14900.161    15334.882
 41  HKY+F+I       6509.754     164 13347.508    13570.224    14005.356
 42  HKY+F+G4      6182.505     164 12693.009    12915.725    13350.857
 43  HKY+F+I+G4    6140.305     165 12610.610    12836.974    13272.469
 44  HKY+F+R2      6272.117     165 12874.234    13100.598    13536.093
 45  HKY+F+R3      6176.863     167 12687.725    12921.525    13357.607
 46  HKY+F+R4      6173.888     169 12685.776    12927.204    13363.680
 53  TNe           7148.880     161 14619.760    14831.809    15265.574
 54  TNe+I         6494.199     162 13312.398    13527.957    13962.223
 55  TNe+G4        6174.051     162 12672.101    12887.660    13321.926
 56  TNe+I+G4      6133.553     163 12593.105    12812.220    13246.942
 57  TNe+R2        6251.452     163 12828.904    13048.019    13482.740
 58  TNe+R3        6163.988     165 12657.975    12884.339    13319.834
 59  TNe+R4        6161.353     167 12656.706    12890.506    13326.587
 66  TN+F          7146.388     164 14620.776    14843.492    15278.624
 67  TN+F+I        6493.728     165 13317.456    13543.819    13979.315
 68  TN+F+G4       6167.497     165 12664.995    12891.359    13326.854
 69  TN+F+I+G4     6130.132     166 12592.264    12822.322    13258.134
 70  TN+F+R2       6257.114     166 12846.229    13076.287    13512.099
 71  TN+F+R3       6162.419     168 12660.838    12898.428    13334.731
 72  TN+F+R4       6159.778     170 12659.557    12904.873    13341.472
 79  K3P           7165.916     161 14653.832    14865.880    15299.646
 80  K3P+I         6501.851     162 13327.702    13543.261    13977.527
 81  K3P+G4        6182.637     162 12689.274    12904.833    13339.099
 82  K3P+I+G4      6136.936     163 12599.872    12818.987    13253.708
 83  K3P+R2        6253.655     163 12833.309    13052.424    13487.146
 84  K3P+R3        6169.182     165 12668.364    12894.727    13330.223
 85  K3P+R4        6166.359     167 12666.719    12900.519    13336.601
 92  K3Pu+F        7177.260     164 14682.519    14905.235    15340.367
 93  K3Pu+F+I      6509.214     165 13348.427    13574.791    14010.286
 94  K3Pu+F+G4     6182.340     165 12694.681    12921.044    13356.540
 95  K3Pu+F+I+G4   6140.098     166 12612.196    12842.254    13278.066
 96  K3Pu+F+R2     6268.534     166 12869.067    13099.125    13534.938
 97  K3Pu+F+R3     6176.508     168 12689.016    12926.606    13362.909
 98  K3Pu+F+R4     6173.532     170 12687.064    12932.380    13368.979
105  TPM2+F        7177.520     164 14683.041    14905.757    15340.888
106  TPM2+F+I      6508.734     165 13347.467    13573.831    14009.326
107  TPM2+F+G4     6180.237     165 12690.474    12916.838    13352.333
108  TPM2+F+I+G4   6137.985     166 12607.971    12838.029    13273.841
109  TPM2+F+R2     6269.112     166 12870.224    13100.282    13536.094
110  TPM2+F+R3     6176.133     168 12688.267    12925.857    13362.160
111  TPM2+F+R4     6173.091     170 12686.181    12931.498    13368.097
118  TPM2u+F       7177.520     164 14683.041    14905.757    15340.888
119  TPM2u+F+I     6508.735     165 13347.471    13573.834    14009.330
120  TPM2u+F+G4    6180.236     165 12690.471    12916.835    13352.330
121  TPM2u+F+I+G4  6137.984     166 12607.968    12838.026    13273.838
122  TPM2u+F+R2    6269.146     166 12870.291    13100.349    13536.161
123  TPM2u+F+R3    6176.131     168 12688.263    12925.853    13362.156
124  TPM2u+F+R4    6173.081     170 12686.161    12931.478    13368.077
131  TPM3+F        7172.753     164 14673.506    14896.222    15331.353
132  TPM3+F+I      6508.101     165 13346.202    13572.566    14008.062
133  TPM3+F+G4     6174.924     165 12679.848    12906.212    13341.707
134  TPM3+F+I+G4   6134.299     166 12600.599    12830.657    13266.469
135  TPM3+F+R2     6265.881     166 12863.762    13093.820    13529.632
136  TPM3+F+R3     6171.260     168 12678.519    12916.109    13352.412
137  TPM3+F+R4     6168.281     170 12676.563    12921.879    13358.478
144  TPM3u+F       7172.754     164 14673.507    14896.223    15331.355
145  TPM3u+F+I     6508.101     165 13346.202    13572.566    14008.061
146  TPM3u+F+G4    6174.925     165 12679.849    12906.213    13341.709
147  TPM3u+F+I+G4  6134.299     166 12600.598    12830.656    13266.468
148  TPM3u+F+R2    6265.878     166 12863.755    13093.813    13529.625
149  TPM3u+F+R3    6171.259     168 12678.518    12916.108    13352.411
150  TPM3u+F+R4    6168.279     170 12676.558    12921.875    13358.474
157  TIMe          7148.315     162 14620.630    14836.189    15270.455
158  TIMe+I        6493.358     163 13312.717    13531.831    13966.553
159  TIMe+G4       6173.675     163 12673.350    12892.465    13327.187
160  TIMe+I+G4     6132.998     164 12593.997    12816.713    13251.845
161  TIMe+R2       6249.283     164 12826.567    13049.283    13484.415
162  TIMe+R3       6163.293     166 12658.586    12888.644    13324.456
163  TIMe+R4       6160.643     168 12657.287    12894.877    13331.180
170  TIM+F         7146.122     165 14622.244    14848.607    15284.103
171  TIM+F+I       6493.176     166 13318.353    13548.411    13984.223
172  TIM+F+G4      6167.307     166 12666.613    12896.671    13332.484
173  TIM+F+I+G4    6129.903     167 12593.806    12827.606    13263.688
174  TIM+F+R2      6256.321     167 12846.643    13080.443    13516.525
175  TIM+F+R3      6162.046     169 12662.091    12903.520    13339.995
176  TIM+F+R4      6159.403     171 12660.806    12910.060    13346.732
183  TIM2e         7147.788     162 14619.576    14835.135    15269.401
184  TIM2e+I       6494.199     163 13314.399    13533.513    13968.235
185  TIM2e+G4      6174.031     163 12674.062    12893.177    13327.899
186  TIM2e+I+G4    6133.539     164 12595.079    12817.795    13252.927
187  TIM2e+R2      6247.898     164 12823.797    13046.513    13481.645
188  TIM2e+R3      6163.780     166 12659.561    12889.619    13325.431
189  TIM2e+R4      6161.133     168 12658.266    12895.856    13332.159
196  TIM2+F        7146.389     165 14622.777    14849.141    15284.636
197  TIM2+F+I      6492.785     166 13317.570    13547.628    13983.440
198  TIM2+F+G4     6164.891     166 12661.782    12891.840    13327.652
199  TIM2+F+I+G4   6128.171     167 12590.343    12824.143    13260.224
200  TIM2+F+R2     6256.920     167 12847.841    13081.641    13517.722
201  TIM2+F+R3     6161.685     169 12661.370    12902.798    13339.274
202  TIM2+F+R4     6159.005     171 12660.009    12909.263    13345.936
209  TIM3e         7146.761     162 14617.521    14833.081    15267.347
210  TIM3e+I       6493.670     163 13313.339    13532.454    13967.176
211  TIM3e+G4      6170.919     163 12667.838    12886.953    13321.675
212  TIM3e+I+G4    6130.360     164 12588.720    12811.436    13246.568
213  TIM3e+R2      6248.485     164 12824.969    13047.685    13482.817
214  TIM3e+R3      6161.018     166 12654.035    12884.093    13319.906
215  TIM3e+R4      6158.355     168 12652.710    12890.300    13326.603
222  TIM3+F        7141.527     165 14613.053    14839.417    15274.912
223  TIM3+F+I      6492.047     166 13316.094    13546.152    13981.964
224  TIM3+F+G4     6159.195     166 12650.389    12880.447    13316.260
225  TIM3+F+I+G4   6123.809     167 12581.618    12815.418    13251.500
226  TIM3+F+R2     6253.372     167 12840.744    13074.544    13510.626
227  TIM3+F+R3     6156.452     169 12650.905    12892.333    13328.809
228  TIM3+F+R4     6153.800     171 12649.600    12898.854    13335.526
235  TVMe          7162.537     163 14651.073    14870.188    15304.910
236  TVMe+I        6501.151     164 13330.303    13553.019    13988.150
237  TVMe+G4       6179.752     164 12687.504    12910.220    13345.352
238  TVMe+I+G4     6133.476     165 12596.951    12823.315    13258.810
239  TVMe+R2       6249.804     165 12829.607    13055.971    13491.466
240  TVMe+R3       6165.811     167 12665.621    12899.421    13335.503
241  TVMe+R4       6163.014     169 12664.028    12905.456    13341.932
248  TVM+F         7172.106     166 14676.211    14906.269    15342.081
249  TVM+F+I       6506.179     167 13346.359    13580.159    14016.240
250  TVM+F+G4      6171.399     167 12676.799    12910.599    13346.680
251  TVM+F+I+G4    6131.248     168 12598.497    12836.087    13272.390
252  TVM+F+R2      6264.834     168 12865.668    13103.258    13539.561
253  TVM+F+R3      6169.633     170 12679.267    12924.583    13361.182
254  TVM+F+R4      6166.600     172 12677.200    12930.442    13367.138
261  SYM           7144.857     164 14617.715    14840.431    15275.563
262  SYM+I         6492.621     165 13315.241    13541.605    13977.100
263  SYM+G4        6170.246     165 12670.492    12896.856    13332.351
264  SYM+I+G4      6129.496     166 12590.993    12821.051    13256.863
265  SYM+R2        6245.380     166 12822.760    13052.818    13488.630
266  SYM+R3        6159.833     168 12655.667    12893.257    13329.560
267  SYM+R4        6157.196     170 12654.393    12899.709    13336.308
274  GTR+F         7140.866     167 14615.732    14849.532    15285.614
275  GTR+F+I       6490.188     168 13316.376    13553.966    13990.268
276  GTR+F+G4      6155.772     168 12647.544    12885.134    13321.437
277  GTR+F+I+G4    6121.089     169 12580.178    12821.607    13258.082
278  GTR+F+R2      6252.307     169 12842.615    13084.043    13520.519
279  GTR+F+R3      6154.784     171 12651.568    12900.823    13337.495
280  GTR+F+R4      6152.127     173 12650.254    12907.536    13344.203
Akaike Information Criterion:           GTR+F+I+G4
Corrected Akaike Information Criterion: TIM3e+I+G4
Bayesian Information Criterion:         TIM3e+I+G4
Best-fit model: TIM3e+I+G4 chosen according to BIC

All model information printed to iqtree/otus.model.gz
CPU time for ModelFinder: 0.281 seconds (0h:0m:0s)
Wall-clock time for ModelFinder: 1.023 seconds (0h:0m:1s)
Generating 1000 samples for ultrafast bootstrap (seed: 176068)...

NOTE: 3 MB RAM (0 GB) is required!
Measuring multi-threading efficiency up to 12 CPU cores
Increase to 10 rounds for branch lengths
