INFO [2023-04-25 00:47:58] [[1]]
INFO [2023-04-25 00:47:58] ven3
INFO [2023-04-25 00:47:58] 
INFO [2023-04-25 00:47:58] $filename
INFO [2023-04-25 00:47:58] NULL
INFO [2023-04-25 00:47:58] 
INFO [2023-04-25 00:47:58] $lwd
INFO [2023-04-25 00:47:58] [1] 2
INFO [2023-04-25 00:47:58] 
INFO [2023-04-25 00:47:58] $lty
INFO [2023-04-25 00:47:58] [1] 1
INFO [2023-04-25 00:47:58] 
INFO [2023-04-25 00:47:58] $fill
INFO [2023-04-25 00:47:58] c("red", "blue", "yellow")
INFO [2023-04-25 00:47:58] 
INFO [2023-04-25 00:47:58] $col
INFO [2023-04-25 00:47:58] c("red", "blue", "yellow")
INFO [2023-04-25 00:47:58] 
INFO [2023-04-25 00:47:58] $cat.col
INFO [2023-04-25 00:47:58] c("red", "blue", "yellow")
INFO [2023-04-25 00:47:58] 
INFO [2023-04-25 00:47:58] $cat.cex
INFO [2023-04-25 00:47:58] [1] 4
INFO [2023-04-25 00:47:58] 
INFO [2023-04-25 00:47:58] $rotation.degree
INFO [2023-04-25 00:47:58] [1] 0
INFO [2023-04-25 00:47:58] 
INFO [2023-04-25 00:47:58] $main
INFO [2023-04-25 00:47:58] [1] ""
INFO [2023-04-25 00:47:58] 
INFO [2023-04-25 00:47:58] $main.cex
INFO [2023-04-25 00:47:58] [1] 2
INFO [2023-04-25 00:47:58] 
INFO [2023-04-25 00:47:58] $sub
INFO [2023-04-25 00:47:58] [1] ""
INFO [2023-04-25 00:47:58] 
INFO [2023-04-25 00:47:58] $sub.cex
INFO [2023-04-25 00:47:58] [1] 1
INFO [2023-04-25 00:47:58] 
INFO [2023-04-25 00:47:58] $cex
INFO [2023-04-25 00:47:58] [1] 3
INFO [2023-04-25 00:47:58] 
INFO [2023-04-25 00:47:58] $alpha
INFO [2023-04-25 00:47:58] [1] 0.5
INFO [2023-04-25 00:47:58] 
INFO [2023-04-25 00:47:58] $reverse
INFO [2023-04-25 00:47:58] [1] TRUE
INFO [2023-04-25 00:47:58] 
INFO [2023-04-25 00:47:58] $scaled
INFO [2023-04-25 00:47:58] [1] FALSE
INFO [2023-04-25 00:47:58] 
